Found 0 golygon(s).

enwnwse
eswswne
neseswn
nwswsen
senenws
swnwnes
wsesenw
Found 7 golygon(s).

Found 0 golygon(s).

Found 0 golygon(s).


Found 1 golygon(s).

Found 0 golygon(s).

Found 0 golygon(s).

Found 0 golygon(s).

Found 0 golygon(s).

Found 0 golygon(s).

eswnwnes
neswswne
nwsesenw
Found 3 golygon(s).

Found 0 golygon(s).

enwnwse
eswswne
neseswn
nwswsen
senenws
swnwnes
wnenesw
wsesenw
Found 8 golygon(s).

Found 0 golygon(s).

Found 0 golygon(s).

